<?xml version="1.0" encoding="UTF-8"?>
<testng-results skipped="0" failed="1" total="1" passed="0">
  <reporter-output>
  </reporter-output>
  <suite name="Default suite" duration-ms="102495" started-at="2016-02-19T03:21:09Z" finished-at="2016-02-19T03:22:52Z">
    <groups>
    </groups>
    <test name="Default test" duration-ms="102495" started-at="2016-02-19T03:21:09Z" finished-at="2016-02-19T03:22:52Z">
      <class name="tests.HorseRaceBet">
        <test-method status="PASS" signature="setUp()[pri:0, instance:tests.HorseRaceBet@71f2a7d5]" name="setUp" is-config="true" duration-ms="36563" started-at="2016-02-19T14:21:09Z" finished-at="2016-02-19T14:21:46Z">
          <reporter-output>
          </reporter-output>
        </test-method> <!-- setUp -->
        <test-method status="FAIL" signature="HorseRaceBettest()[pri:0, instance:tests.HorseRaceBet@71f2a7d5]" name="HorseRaceBettest" duration-ms="65053" started-at="2016-02-19T14:21:46Z" finished-at="2016-02-19T14:22:51Z">
          <exception class="org.openqa.selenium.TimeoutException">
            <message>
              <![CDATA[Timed out after 60 seconds waiting for element to be clickable: By.xpath: //li[@class='racing-link-desktop']/a[text()[contains(.,'Horse Racing')]]
Build info: version: '2.52.0', revision: '4c2593c', time: '2016-02-11 19:06:42'
System info: host: 'naren', ip: '192.168.1.5', os.name: 'Windows 10', os.arch: 'amd64', os.version: '10.0', java.version: '1.8.0_71'
Driver info: driver.version: unknown]]>
            </message>
            <full-stacktrace>
              <![CDATA[org.openqa.selenium.TimeoutException: Timed out after 60 seconds waiting for element to be clickable: By.xpath: //li[@class='racing-link-desktop']/a[text()[contains(.,'Horse Racing')]]
Build info: version: '2.52.0', revision: '4c2593c', time: '2016-02-11 19:06:42'
System info: host: 'naren', ip: '192.168.1.5', os.name: 'Windows 10', os.arch: 'amd64', os.version: '10.0', java.version: '1.8.0_71'
Driver info: driver.version: unknown
	at org.openqa.selenium.support.ui.FluentWait.timeoutException(FluentWait.java:292)
	at org.openqa.selenium.support.ui.FluentWait.until(FluentWait.java:261)
	at functions.CommonFunctions.clickableElement(CommonFunctions.java:51)
	at pages.RacingBetPage.clickMenuItem(RacingBetPage.java:32)
	at tests.HorseRaceBet.HorseRaceBettest(HorseRaceBet.java:18)
	at sun.reflect.NativeMethodAccessorImpl.invoke0(Native Method)
	at sun.reflect.NativeMethodAccessorImpl.invoke(Unknown Source)
	at sun.reflect.DelegatingMethodAccessorImpl.invoke(Unknown Source)
	at java.lang.reflect.Method.invoke(Unknown Source)
	at org.testng.internal.MethodInvocationHelper.invokeMethod(MethodInvocationHelper.java:86)
	at org.testng.internal.Invoker.invokeMethod(Invoker.java:645)
	at org.testng.internal.Invoker.invokeTestMethod(Invoker.java:822)
	at org.testng.internal.Invoker.invokeTestMethods(Invoker.java:1130)
	at org.testng.internal.TestMethodWorker.invokeTestMethods(TestMethodWorker.java:129)
	at org.testng.internal.TestMethodWorker.run(TestMethodWorker.java:112)
	at org.testng.TestRunner.privateRun(TestRunner.java:782)
	at org.testng.TestRunner.run(TestRunner.java:632)
	at org.testng.SuiteRunner.runTest(SuiteRunner.java:366)
	at org.testng.SuiteRunner.runSequentially(SuiteRunner.java:361)
	at org.testng.SuiteRunner.privateRun(SuiteRunner.java:319)
	at org.testng.SuiteRunner.run(SuiteRunner.java:268)
	at org.testng.SuiteRunnerWorker.runSuite(SuiteRunnerWorker.java:52)
	at org.testng.SuiteRunnerWorker.run(SuiteRunnerWorker.java:86)
	at org.testng.TestNG.runSuitesSequentially(TestNG.java:1244)
	at org.testng.TestNG.runSuitesLocally(TestNG.java:1169)
	at org.testng.TestNG.run(TestNG.java:1064)
	at org.testng.remote.RemoteTestNG.run(RemoteTestNG.java:113)
	at org.testng.remote.RemoteTestNG.initAndRun(RemoteTestNG.java:206)
	at org.testng.remote.RemoteTestNG.main(RemoteTestNG.java:177)
]]>
            </full-stacktrace>
          </exception> <!-- org.openqa.selenium.TimeoutException -->
          <reporter-output>
          </reporter-output>
        </test-method> <!-- HorseRaceBettest -->
        <test-method status="PASS" signature="tearDown()[pri:0, instance:tests.HorseRaceBet@71f2a7d5]" name="tearDown" is-config="true" duration-ms="855" started-at="2016-02-19T14:22:51Z" finished-at="2016-02-19T14:22:52Z">
          <reporter-output>
          </reporter-output>
        </test-method> <!-- tearDown -->
      </class> <!-- tests.HorseRaceBet -->
    </test> <!-- Default test -->
  </suite> <!-- Default suite -->
</testng-results>
